<?xml version="1.0" encoding="UTF-8"?>
<!-- Generated by org.testng.reporters.JUnitReportReporter -->
<testsuite hostname="LAPTOP-1QGVMSEF" name="applicationTestCases.LoginCRM" tests="1" failures="0" timestamp="20 Feb 2018 23:22:47 GMT" time="2.232" errors="0">
  <testcase name="loginAdmin" time="2.232" classname="applicationTestCases.LoginCRM"/>
</testsuite> <!-- applicationTestCases.LoginCRM -->
