<?xml version="1.0" encoding="UTF-8"?>
<!-- Generated by org.testng.reporters.JUnitReportReporter -->
<testsuite hostname="LAPTOP-1QGVMSEF" failures="0" tests="1" name="applicationTestCases.LoginCRM" time="2.054" errors="0" timestamp="20 Feb 2018 17:42:34 GMT">
  <testcase classname="applicationTestCases.LoginCRM" name="loginAdmin" time="2.054"/>
</testsuite> <!-- applicationTestCases.LoginCRM -->
